Analysis & Synthesis report for MIPS
Mon Jul 09 15:01:38 2007
Quartus II Version 7.1 Build 178 06/25/2007 Service Pack 1 SJ Web Edition


---------------------
; Table of Contents ;
---------------------
  1. Legal Notice
  2. Analysis & Synthesis Summary
  3. Analysis & Synthesis Settings
  4. Analysis & Synthesis Source Files Read
  5. Analysis & Synthesis Resource Usage Summary
  6. Analysis & Synthesis Resource Utilization by Entity
  7. Analysis & Synthesis RAM Summary
  8. Registers Removed During Synthesis
  9. General Register Statistics
 10. Multiplexer Restructuring Statistics (Restructuring Performed)
 11. Source assignments for Ifetch:IFE|altsyncram:inst_memory|altsyncram_7me3:auto_generated
 12. Source assignments for dmemory:MEM|altsyncram:data_memory|altsyncram_qpg3:auto_generated
 13. Parameter Settings for User Entity Instance: Ifetch:IFE|altsyncram:inst_memory
 14. Parameter Settings for User Entity Instance: dmemory:MEM|altsyncram:data_memory
 15. Analysis & Synthesis Equations
 16. Analysis & Synthesis Messages



----------------
; Legal Notice ;
----------------
Copyright (C) 1991-2007 Altera Corporation
Your use of Altera Corporation's design tools, logic functions 
and other software and tools, and its AMPP partner logic 
functions, and any output files from any of the foregoing 
(including device programming or simulation files), and any 
associated documentation or information are expressly subject 
to the terms and conditions of the Altera Program License 
Subscription Agreement, Altera MegaCore Function License 
Agreement, or other applicable license agreement, including, 
without limitation, that your use is for the sole purpose of 
programming logic devices manufactured by Altera and sold by 
Altera or its authorized distributors.  Please refer to the 
applicable agreement for further details.



+----------------------------------------------------------------------------+
; Analysis & Synthesis Summary                                               ;
+-----------------------------+----------------------------------------------+
; Analysis & Synthesis Status ; Successful - Mon Jul 09 15:01:38 2007        ;
; Quartus II Version          ; 7.1 Build 178 06/25/2007 SP 1 SJ Web Edition ;
; Revision Name               ; MIPS                                         ;
; Top-level Entity Name       ; MIPS                                         ;
; Family                      ; Cyclone                                      ;
; Total logic elements        ; 2,724                                        ;
; Total pins                  ; 176                                          ;
; Total virtual pins          ; 0                                            ;
; Total memory bits           ; 16,384                                       ;
; Total PLLs                  ; 0                                            ;
+-----------------------------+----------------------------------------------+


+--------------------------------------------------------------------------------------------------------------------------+
; Analysis & Synthesis Settings                                                                                            ;
+--------------------------------------------------------------------------------+--------------------+--------------------+
; Option                                                                         ; Setting            ; Default Value      ;
+--------------------------------------------------------------------------------+--------------------+--------------------+
; Device                                                                         ; EP1C20F400C6       ;                    ;
; Top-level entity name                                                          ; MIPS               ; MIPS               ;
; Family name                                                                    ; Cyclone            ; Stratix            ;
; Use smart compilation                                                          ; On                 ; Off                ;
; Restructure Multiplexers                                                       ; Auto               ; Auto               ;
; Create Debugging Nodes for IP Cores                                            ; Off                ; Off                ;
; Preserve fewer node names                                                      ; On                 ; On                 ;
; Disable OpenCore Plus hardware evaluation                                      ; Off                ; Off                ;
; Verilog Version                                                                ; Verilog_2001       ; Verilog_2001       ;
; VHDL Version                                                                   ; VHDL93             ; VHDL93             ;
; State Machine Processing                                                       ; Auto               ; Auto               ;
; Safe State Machine                                                             ; Off                ; Off                ;
; Extract Verilog State Machines                                                 ; On                 ; On                 ;
; Extract VHDL State Machines                                                    ; On                 ; On                 ;
; Ignore Verilog initial constructs                                              ; Off                ; Off                ;
; Add Pass-Through Logic to Inferred RAMs                                        ; On                 ; On                 ;
; NOT Gate Push-Back                                                             ; On                 ; On                 ;
; Power-Up Don't Care                                                            ; On                 ; On                 ;
; Remove Redundant Logic Cells                                                   ; Off                ; Off                ;
; Remove Duplicate Registers                                                     ; On                 ; On                 ;
; Ignore CARRY Buffers                                                           ; Off                ; Off                ;
; Ignore CASCADE Buffers                                                         ; Off                ; Off                ;
; Ignore GLOBAL Buffers                                                          ; Off                ; Off                ;
; Ignore ROW GLOBAL Buffers                                                      ; Off                ; Off                ;
; Ignore LCELL Buffers                                                           ; Off                ; Off                ;
; Ignore SOFT Buffers                                                            ; On                 ; On                 ;
; Limit AHDL Integers to 32 Bits                                                 ; Off                ; Off                ;
; Optimization Technique -- Cyclone                                              ; Balanced           ; Balanced           ;
; Carry Chain Length -- Stratix/Stratix GX/Cyclone/MAX II/Cyclone II/Cyclone III ; 70                 ; 70                 ;
; Auto Carry Chains                                                              ; On                 ; On                 ;
; Auto Open-Drain Pins                                                           ; On                 ; On                 ;
; Perform WYSIWYG Primitive Resynthesis                                          ; Off                ; Off                ;
; Perform gate-level register retiming                                           ; Off                ; Off                ;
; Allow register retiming to trade off Tsu/Tco with Fmax                         ; On                 ; On                 ;
; Auto ROM Replacement                                                           ; On                 ; On                 ;
; Auto RAM Replacement                                                           ; On                 ; On                 ;
; Auto Shift Register Replacement                                                ; Auto               ; Auto               ;
; Auto Clock Enable Replacement                                                  ; On                 ; On                 ;
; Allow Synchronous Control Signals                                              ; On                 ; On                 ;
; Force Use of Synchronous Clear Signals                                         ; Off                ; Off                ;
; Auto RAM Block Balancing                                                       ; On                 ; On                 ;
; Auto RAM to Logic Cell Conversion                                              ; Off                ; Off                ;
; Auto Resource Sharing                                                          ; Off                ; Off                ;
; Allow Any RAM Size For Recognition                                             ; Off                ; Off                ;
; Allow Any ROM Size For Recognition                                             ; Off                ; Off                ;
; Allow Any Shift Register Size For Recognition                                  ; Off                ; Off                ;
; Maximum Number of M512 Memory Blocks                                           ; Unlimited          ; Unlimited          ;
; Maximum Number of M4K/M9K Memory Blocks                                        ; Unlimited          ; Unlimited          ;
; Maximum Number of M-RAM/M144K Memory Blocks                                    ; Unlimited          ; Unlimited          ;
; Ignore translate_off and synthesis_off directives                              ; Off                ; Off                ;
; Show Parameter Settings Tables in Synthesis Report                             ; On                 ; On                 ;
; Ignore Maximum Fan-Out Assignments                                             ; Off                ; Off                ;
; Retiming Meta-Stability Register Sequence Length                               ; 2                  ; 2                  ;
; PowerPlay Power Optimization                                                   ; Normal compilation ; Normal compilation ;
; HDL message level                                                              ; Level2             ; Level2             ;
; Suppress Register Optimization Related Messages                                ; Off                ; Off                ;
; Number of Removed Registers Reported in Synthesis Report                       ; 100                ; 100                ;
; Clock MUX Protection                                                           ; On                 ; On                 ;
+--------------------------------------------------------------------------------+--------------------+--------------------+


+-----------------------------------------------------------------------------------------------------------------------------------------------------------+
; Analysis & Synthesis Source Files Read                                                                                                                    ;
+----------------------------------+-----------------+------------------------------+-----------------------------------------------------------------------+
; File Name with User-Entered Path ; Used in Netlist ; File Type                    ; File Name with Absolute Path                                          ;
+----------------------------------+-----------------+------------------------------+-----------------------------------------------------------------------+
; CONTROL.VHD                      ; yes             ; User VHDL File               ; C:/DVD_image/booksoft_fe/DE2/CHAP14/CONTROL.VHD                       ;
; DMEMORY.VHD                      ; yes             ; User VHDL File               ; C:/DVD_image/booksoft_fe/DE2/CHAP14/DMEMORY.VHD                       ;
; execute.vhd                      ; yes             ; User VHDL File               ; C:/DVD_image/booksoft_fe/DE2/CHAP14/execute.vhd                       ;
; IDECODE.VHD                      ; yes             ; User VHDL File               ; C:/DVD_image/booksoft_fe/DE2/CHAP14/IDECODE.VHD                       ;
; IFETCH.VHD                       ; yes             ; User VHDL File               ; C:/DVD_image/booksoft_fe/DE2/CHAP14/IFETCH.VHD                        ;
; MIPS.vhd                         ; yes             ; User VHDL File               ; C:/DVD_image/booksoft_fe/DE2/CHAP14/MIPS.vhd                          ;
; altsyncram.tdf                   ; yes             ; Megafunction                 ; c:/altera/71sp1/quartus/libraries/megafunctions/altsyncram.tdf        ;
; stratix_ram_block.inc            ; yes             ; Megafunction                 ; c:/altera/71sp1/quartus/libraries/megafunctions/stratix_ram_block.inc ;
; lpm_mux.inc                      ; yes             ; Megafunction                 ; c:/altera/71sp1/quartus/libraries/megafunctions/lpm_mux.inc           ;
; lpm_decode.inc                   ; yes             ; Megafunction                 ; c:/altera/71sp1/quartus/libraries/megafunctions/lpm_decode.inc        ;
; aglobal71.inc                    ; yes             ; Megafunction                 ; c:/altera/71sp1/quartus/libraries/megafunctions/aglobal71.inc         ;
; a_rdenreg.inc                    ; yes             ; Megafunction                 ; c:/altera/71sp1/quartus/libraries/megafunctions/a_rdenreg.inc         ;
; altrom.inc                       ; yes             ; Megafunction                 ; c:/altera/71sp1/quartus/libraries/megafunctions/altrom.inc            ;
; altram.inc                       ; yes             ; Megafunction                 ; c:/altera/71sp1/quartus/libraries/megafunctions/altram.inc            ;
; altdpram.inc                     ; yes             ; Megafunction                 ; c:/altera/71sp1/quartus/libraries/megafunctions/altdpram.inc          ;
; altqpram.inc                     ; yes             ; Megafunction                 ; c:/altera/71sp1/quartus/libraries/megafunctions/altqpram.inc          ;
; db/altsyncram_7me3.tdf           ; yes             ; Auto-Generated Megafunction  ; C:/DVD_image/booksoft_fe/DE2/CHAP14/db/altsyncram_7me3.tdf            ;
; db/altsyncram_qpg3.tdf           ; yes             ; Auto-Generated Megafunction  ; C:/DVD_image/booksoft_fe/DE2/CHAP14/db/altsyncram_qpg3.tdf            ;
+----------------------------------+-----------------+------------------------------+-----------------------------------------------------------------------+


+-----------------------------------------------------+
; Analysis & Synthesis Resource Usage Summary         ;
+---------------------------------------------+-------+
; Resource                                    ; Usage ;
+---------------------------------------------+-------+
; Total logic elements                        ; 2724  ;
;     -- Combinational with no register       ; 1724  ;
;     -- Register only                        ; 1000  ;
;     -- Combinational with a register        ; 0     ;
;                                             ;       ;
; Logic element usage by number of LUT inputs ;       ;
;     -- 4 input functions                    ; 1427  ;
;     -- 3 input functions                    ; 247   ;
;     -- 2 input functions                    ; 49    ;
;     -- 1 input functions                    ; 1     ;
;     -- 0 input functions                    ; 0     ;
;                                             ;       ;
; Logic elements by mode                      ;       ;
;     -- normal mode                          ; 2678  ;
;     -- arithmetic mode                      ; 46    ;
;     -- qfbk mode                            ; 0     ;
;     -- register cascade mode                ; 0     ;
;     -- synchronous clear/load mode          ; 0     ;
;     -- asynchronous clear/load mode         ; 0     ;
;                                             ;       ;
; Total registers                             ; 1000  ;
; Total logic cells in carry chains           ; 49    ;
; I/O pins                                    ; 176   ;
; Total memory bits                           ; 16384 ;
; Maximum fan-out node                        ; clock ;
; Maximum fan-out                             ; 1064  ;
; Total fan-out                               ; 10352 ;
; Average fan-out                             ; 3.49  ;
+---------------------------------------------+-------+


+------------------------------------------------------------------------------------------------------------------------------------------------------------------------------------------------------------------------------------------------------------------------------------------+
; Analysis & Synthesis Resource Utilization by Entity                                                                                                                                                                                                                                      ;
+-------------------------------------------+-------------+--------------+-------------+------+--------------+--------------+-------------------+------------------+-----------------+------------+-------------------------------------------------------------------------+--------------+
; Compilation Hierarchy Node                ; Logic Cells ; LC Registers ; Memory Bits ; Pins ; Virtual Pins ; LUT-Only LCs ; Register-Only LCs ; LUT/Register LCs ; Carry Chain LCs ; Packed LCs ; Full Hierarchy Name                                                     ; Library Name ;
+-------------------------------------------+-------------+--------------+-------------+------+--------------+--------------+-------------------+------------------+-----------------+------------+-------------------------------------------------------------------------+--------------+
; |MIPS                                     ; 2724 (32)   ; 1000         ; 16384       ; 176  ; 0            ; 1724 (32)    ; 1000 (0)          ; 0 (0)            ; 49 (0)          ; 0 (0)      ; |MIPS                                                                   ; work         ;
;    |Execute:EXE|                          ; 240 (240)   ; 0            ; 0           ; 0    ; 0            ; 240 (240)    ; 0 (0)             ; 0 (0)            ; 41 (41)         ; 0 (0)      ; |MIPS|Execute:EXE                                                       ; work         ;
;    |Idecode:ID|                           ; 2427 (2427) ; 992          ; 0           ; 0    ; 0            ; 1435 (1435)  ; 992 (992)         ; 0 (0)            ; 0 (0)           ; 0 (0)      ; |MIPS|Idecode:ID                                                        ; work         ;
;    |Ifetch:IFE|                           ; 18 (17)     ; 8            ; 8192        ; 0    ; 0            ; 10 (9)       ; 8 (8)             ; 0 (0)            ; 8 (8)           ; 0 (0)      ; |MIPS|Ifetch:IFE                                                        ; work         ;
;       |altsyncram:inst_memory|            ; 1 (0)       ; 0            ; 8192        ; 0    ; 0            ; 1 (0)        ; 0 (0)             ; 0 (0)            ; 0 (0)           ; 0 (0)      ; |MIPS|Ifetch:IFE|altsyncram:inst_memory                                 ; work         ;
;          |altsyncram_7me3:auto_generated| ; 1 (1)       ; 0            ; 8192        ; 0    ; 0            ; 1 (1)        ; 0 (0)             ; 0 (0)            ; 0 (0)           ; 0 (0)      ; |MIPS|Ifetch:IFE|altsyncram:inst_memory|altsyncram_7me3:auto_generated  ; work         ;
;    |control:CTL|                          ; 7 (7)       ; 0            ; 0           ; 0    ; 0            ; 7 (7)        ; 0 (0)             ; 0 (0)            ; 0 (0)           ; 0 (0)      ; |MIPS|control:CTL                                                       ; work         ;
;    |dmemory:MEM|                          ; 0 (0)       ; 0            ; 8192        ; 0    ; 0            ; 0 (0)        ; 0 (0)             ; 0 (0)            ; 0 (0)           ; 0 (0)      ; |MIPS|dmemory:MEM                                                       ; work         ;
;       |altsyncram:data_memory|            ; 0 (0)       ; 0            ; 8192        ; 0    ; 0            ; 0 (0)        ; 0 (0)             ; 0 (0)            ; 0 (0)           ; 0 (0)      ; |MIPS|dmemory:MEM|altsyncram:data_memory                                ; work         ;
;          |altsyncram_qpg3:auto_generated| ; 0 (0)       ; 0            ; 8192        ; 0    ; 0            ; 0 (0)        ; 0 (0)             ; 0 (0)            ; 0 (0)           ; 0 (0)      ; |MIPS|dmemory:MEM|altsyncram:data_memory|altsyncram_qpg3:auto_generated ; work         ;
+-------------------------------------------+-------------+--------------+-------------+------+--------------+--------------+-------------------+------------------+-----------------+------------+-------------------------------------------------------------------------+--------------+
Note: For table entries with two numbers listed, the numbers in parentheses indicate the number of resources of the given type used by the specific entity alone. The numbers listed outside of parentheses indicate the total resources of the given type used by the specific entity and all of its sub-entities in the hierarchy.


+------------------------------------------------------------------------------------------------------------------------------------------------------------------------------------+
; Analysis & Synthesis RAM Summary                                                                                                                                                   ;
+------------------------------------------------------------------------------+------+-------------+--------------+--------------+--------------+--------------+------+-------------+
; Name                                                                         ; Type ; Mode        ; Port A Depth ; Port A Width ; Port B Depth ; Port B Width ; Size ; MIF         ;
+------------------------------------------------------------------------------+------+-------------+--------------+--------------+--------------+--------------+------+-------------+
; Ifetch:IFE|altsyncram:inst_memory|altsyncram_7me3:auto_generated|ALTSYNCRAM  ; AUTO ; ROM         ; 256          ; 32           ; --           ; --           ; 8192 ; program.mif ;
; dmemory:MEM|altsyncram:data_memory|altsyncram_qpg3:auto_generated|ALTSYNCRAM ; AUTO ; Single Port ; 256          ; 32           ; --           ; --           ; 8192 ; dmemory.mif ;
+------------------------------------------------------------------------------+------+-------------+--------------+--------------+--------------+--------------+------+-------------+


+---------------------------------------------------------------------------------+
; Registers Removed During Synthesis                                              ;
+----------------------------------------+----------------------------------------+
; Register name                          ; Reason for Removal                     ;
+----------------------------------------+----------------------------------------+
; ID/register_array[0][0]                ; Stuck at GND due to stuck port data_in ;
; ID/register_array[0][31]               ; Stuck at GND due to stuck port data_in ;
; ID/register_array[0][1]                ; Stuck at GND due to stuck port data_in ;
; ID/register_array[0][2]                ; Stuck at GND due to stuck port data_in ;
; ID/register_array[0][3]                ; Stuck at GND due to stuck port data_in ;
; ID/register_array[0][4]                ; Stuck at GND due to stuck port data_in ;
; ID/register_array[0][5]                ; Stuck at GND due to stuck port data_in ;
; ID/register_array[0][6]                ; Stuck at GND due to stuck port data_in ;
; ID/register_array[0][7]                ; Stuck at GND due to stuck port data_in ;
; ID/register_array[0][8]                ; Stuck at GND due to stuck port data_in ;
; ID/register_array[0][9]                ; Stuck at GND due to stuck port data_in ;
; ID/register_array[0][10]               ; Stuck at GND due to stuck port data_in ;
; ID/register_array[0][11]               ; Stuck at GND due to stuck port data_in ;
; ID/register_array[0][12]               ; Stuck at GND due to stuck port data_in ;
; ID/register_array[0][13]               ; Stuck at GND due to stuck port data_in ;
; ID/register_array[0][14]               ; Stuck at GND due to stuck port data_in ;
; ID/register_array[0][15]               ; Stuck at GND due to stuck port data_in ;
; ID/register_array[0][16]               ; Stuck at GND due to stuck port data_in ;
; ID/register_array[0][17]               ; Stuck at GND due to stuck port data_in ;
; ID/register_array[0][18]               ; Stuck at GND due to stuck port data_in ;
; ID/register_array[0][19]               ; Stuck at GND due to stuck port data_in ;
; ID/register_array[0][20]               ; Stuck at GND due to stuck port data_in ;
; ID/register_array[0][21]               ; Stuck at GND due to stuck port data_in ;
; ID/register_array[0][22]               ; Stuck at GND due to stuck port data_in ;
; ID/register_array[0][23]               ; Stuck at GND due to stuck port data_in ;
; ID/register_array[0][24]               ; Stuck at GND due to stuck port data_in ;
; ID/register_array[0][25]               ; Stuck at GND due to stuck port data_in ;
; ID/register_array[0][26]               ; Stuck at GND due to stuck port data_in ;
; ID/register_array[0][27]               ; Stuck at GND due to stuck port data_in ;
; ID/register_array[0][28]               ; Stuck at GND due to stuck port data_in ;
; ID/register_array[0][29]               ; Stuck at GND due to stuck port data_in ;
; ID/register_array[0][30]               ; Stuck at GND due to stuck port data_in ;
; Total Number of Removed Registers = 32 ;                                        ;
+----------------------------------------+----------------------------------------+


+------------------------------------------------------+
; General Register Statistics                          ;
+----------------------------------------------+-------+
; Statistic                                    ; Value ;
+----------------------------------------------+-------+
; Total registers                              ; 1000  ;
; Number of registers using Synchronous Clear  ; 0     ;
; Number of registers using Synchronous Load   ; 0     ;
; Number of registers using Asynchronous Clear ; 0     ;
; Number of registers using Asynchronous Load  ; 0     ;
; Number of registers using Clock Enable       ; 992   ;
; Number of registers using Preset             ; 0     ;
+----------------------------------------------+-------+


+-------------------------------------------------------------------------------------------------------------------------------------------------------+
; Multiplexer Restructuring Statistics (Restructuring Performed)                                                                                        ;
+--------------------+-----------+---------------+----------------------+------------------------+------------+-----------------------------------------+
; Multiplexer Inputs ; Bus Width ; Baseline Area ; Area if Restructured ; Saving if Restructured ; Registered ; Example Multiplexer Output              ;
+--------------------+-----------+---------------+----------------------+------------------------+------------+-----------------------------------------+
; 4:1                ; 32 bits   ; 64 LEs        ; 32 LEs               ; 32 LEs                 ; Yes        ; |MIPS|Idecode:ID|register_array[31][13] ;
; 4:1                ; 32 bits   ; 64 LEs        ; 32 LEs               ; 32 LEs                 ; Yes        ; |MIPS|Idecode:ID|register_array[30][20] ;
; 4:1                ; 32 bits   ; 64 LEs        ; 32 LEs               ; 32 LEs                 ; Yes        ; |MIPS|Idecode:ID|register_array[29][20] ;
; 4:1                ; 32 bits   ; 64 LEs        ; 32 LEs               ; 32 LEs                 ; Yes        ; |MIPS|Idecode:ID|register_array[28][20] ;
; 4:1                ; 32 bits   ; 64 LEs        ; 32 LEs               ; 32 LEs                 ; Yes        ; |MIPS|Idecode:ID|register_array[27][0]  ;
; 4:1                ; 32 bits   ; 64 LEs        ; 32 LEs               ; 32 LEs                 ; Yes        ; |MIPS|Idecode:ID|register_array[26][21] ;
; 4:1                ; 32 bits   ; 64 LEs        ; 32 LEs               ; 32 LEs                 ; Yes        ; |MIPS|Idecode:ID|register_array[25][18] ;
; 4:1                ; 32 bits   ; 64 LEs        ; 32 LEs               ; 32 LEs                 ; Yes        ; |MIPS|Idecode:ID|register_array[24][29] ;
; 4:1                ; 32 bits   ; 64 LEs        ; 32 LEs               ; 32 LEs                 ; Yes        ; |MIPS|Idecode:ID|register_array[23][20] ;
; 4:1                ; 32 bits   ; 64 LEs        ; 32 LEs               ; 32 LEs                 ; Yes        ; |MIPS|Idecode:ID|register_array[22][20] ;
; 4:1                ; 32 bits   ; 64 LEs        ; 32 LEs               ; 32 LEs                 ; Yes        ; |MIPS|Idecode:ID|register_array[21][20] ;
; 4:1                ; 32 bits   ; 64 LEs        ; 32 LEs               ; 32 LEs                 ; Yes        ; |MIPS|Idecode:ID|register_array[20][20] ;
; 4:1                ; 32 bits   ; 64 LEs        ; 32 LEs               ; 32 LEs                 ; Yes        ; |MIPS|Idecode:ID|register_array[19][31] ;
; 4:1                ; 32 bits   ; 64 LEs        ; 32 LEs               ; 32 LEs                 ; Yes        ; |MIPS|Idecode:ID|register_array[18][20] ;
; 4:1                ; 32 bits   ; 64 LEs        ; 32 LEs               ; 32 LEs                 ; Yes        ; |MIPS|Idecode:ID|register_array[17][20] ;
; 4:1                ; 32 bits   ; 64 LEs        ; 32 LEs               ; 32 LEs                 ; Yes        ; |MIPS|Idecode:ID|register_array[16][20] ;
; 4:1                ; 32 bits   ; 64 LEs        ; 32 LEs               ; 32 LEs                 ; Yes        ; |MIPS|Idecode:ID|register_array[15][20] ;
; 4:1                ; 32 bits   ; 64 LEs        ; 32 LEs               ; 32 LEs                 ; Yes        ; |MIPS|Idecode:ID|register_array[14][3]  ;
; 4:1                ; 32 bits   ; 64 LEs        ; 32 LEs               ; 32 LEs                 ; Yes        ; |MIPS|Idecode:ID|register_array[13][7]  ;
; 4:1                ; 32 bits   ; 64 LEs        ; 32 LEs               ; 32 LEs                 ; Yes        ; |MIPS|Idecode:ID|register_array[12][16] ;
; 4:1                ; 32 bits   ; 64 LEs        ; 32 LEs               ; 32 LEs                 ; Yes        ; |MIPS|Idecode:ID|register_array[11][20] ;
; 4:1                ; 32 bits   ; 64 LEs        ; 32 LEs               ; 32 LEs                 ; Yes        ; |MIPS|Idecode:ID|register_array[10][20] ;
; 4:1                ; 32 bits   ; 64 LEs        ; 32 LEs               ; 32 LEs                 ; Yes        ; |MIPS|Idecode:ID|register_array[9][20]  ;
; 4:1                ; 32 bits   ; 64 LEs        ; 32 LEs               ; 32 LEs                 ; Yes        ; |MIPS|Idecode:ID|register_array[8][21]  ;
; 4:1                ; 32 bits   ; 64 LEs        ; 32 LEs               ; 32 LEs                 ; Yes        ; |MIPS|Idecode:ID|register_array[7][27]  ;
; 4:1                ; 32 bits   ; 64 LEs        ; 32 LEs               ; 32 LEs                 ; Yes        ; |MIPS|Idecode:ID|register_array[6][24]  ;
; 4:1                ; 32 bits   ; 64 LEs        ; 32 LEs               ; 32 LEs                 ; Yes        ; |MIPS|Idecode:ID|register_array[5][4]   ;
; 4:1                ; 32 bits   ; 64 LEs        ; 32 LEs               ; 32 LEs                 ; Yes        ; |MIPS|Idecode:ID|register_array[4][29]  ;
; 4:1                ; 32 bits   ; 64 LEs        ; 32 LEs               ; 32 LEs                 ; Yes        ; |MIPS|Idecode:ID|register_array[3][15]  ;
; 4:1                ; 32 bits   ; 64 LEs        ; 32 LEs               ; 32 LEs                 ; Yes        ; |MIPS|Idecode:ID|register_array[2][13]  ;
; 4:1                ; 32 bits   ; 64 LEs        ; 32 LEs               ; 32 LEs                 ; Yes        ; |MIPS|Idecode:ID|register_array[1][29]  ;
; 4:1                ; 32 bits   ; 64 LEs        ; 32 LEs               ; 32 LEs                 ; Yes        ; |MIPS|Idecode:ID|register_array[0][24]  ;
; 3:1                ; 8 bits    ; 16 LEs        ; 16 LEs               ; 0 LEs                  ; No         ; |MIPS|Ifetch:IFE|PC~4                   ;
; 3:1                ; 32 bits   ; 64 LEs        ; 0 LEs                ; 64 LEs                 ; No         ; |MIPS|Execute:EXE|Add1                  ;
; 3:1                ; 32 bits   ; 64 LEs        ; 32 LEs               ; 32 LEs                 ; No         ; |MIPS|Execute:EXE|Add1                  ;
; 8:1                ; 32 bits   ; 160 LEs       ; 96 LEs               ; 64 LEs                 ; No         ; |MIPS|Execute:EXE|Mux19                 ;
; 32:1               ; 32 bits   ; 672 LEs       ; 672 LEs              ; 0 LEs                  ; No         ; |MIPS|Idecode:ID|Mux16                  ;
; 32:1               ; 32 bits   ; 672 LEs       ; 672 LEs              ; 0 LEs                  ; No         ; |MIPS|Idecode:ID|Mux49                  ;
+--------------------+-----------+---------------+----------------------+------------------------+------------+-----------------------------------------+


+-----------------------------------------------------------------------------------------+
; Source assignments for Ifetch:IFE|altsyncram:inst_memory|altsyncram_7me3:auto_generated ;
+---------------------------------+--------------------+------+---------------------------+
; Assignment                      ; Value              ; From ; To                        ;
+---------------------------------+--------------------+------+---------------------------+
; OPTIMIZE_POWER_DURING_SYNTHESIS ; NORMAL_COMPILATION ; -    ; -                         ;
+---------------------------------+--------------------+------+---------------------------+


+------------------------------------------------------------------------------------------+
; Source assignments for dmemory:MEM|altsyncram:data_memory|altsyncram_qpg3:auto_generated ;
+---------------------------------+--------------------+------+----------------------------+
; Assignment                      ; Value              ; From ; To                         ;
+---------------------------------+--------------------+------+----------------------------+
; OPTIMIZE_POWER_DURING_SYNTHESIS ; NORMAL_COMPILATION ; -    ; -                          ;
+---------------------------------+--------------------+------+----------------------------+


+--------------------------------------------------------------------------------+
; Parameter Settings for User Entity Instance: Ifetch:IFE|altsyncram:inst_memory ;
+------------------------------------+----------------------+--------------------+
; Parameter Name                     ; Value                ; Type               ;
+------------------------------------+----------------------+--------------------+
; BYTE_SIZE_BLOCK                    ; 8                    ; Untyped            ;
; AUTO_CARRY_CHAINS                  ; ON                   ; AUTO_CARRY         ;
; IGNORE_CARRY_BUFFERS               ; OFF                  ; IGNORE_CARRY       ;
; AUTO_CASCADE_CHAINS                ; ON                   ; AUTO_CASCADE       ;
; IGNORE_CASCADE_BUFFERS             ; OFF                  ; IGNORE_CASCADE     ;
; WIDTH_BYTEENA                      ; 1                    ; Untyped            ;
; OPERATION_MODE                     ; ROM                  ; Untyped            ;
; WIDTH_A                            ; 32                   ; Signed Integer     ;
; WIDTHAD_A                          ; 8                    ; Signed Integer     ;
; NUMWORDS_A                         ; 0                    ; Signed Integer     ;
; OUTDATA_REG_A                      ; UNREGISTERED         ; Untyped            ;
; ADDRESS_ACLR_A                     ; NONE                 ; Untyped            ;
; OUTDATA_ACLR_A                     ; NONE                 ; Untyped            ;
; WRCONTROL_ACLR_A                   ; NONE                 ; Untyped            ;
; INDATA_ACLR_A                      ; NONE                 ; Untyped            ;
; BYTEENA_ACLR_A                     ; NONE                 ; Untyped            ;
; WIDTH_B                            ; 1                    ; Signed Integer     ;
; WIDTHAD_B                          ; 1                    ; Signed Integer     ;
; NUMWORDS_B                         ; 0                    ; Signed Integer     ;
; INDATA_REG_B                       ; CLOCK1               ; Untyped            ;
; WRCONTROL_WRADDRESS_REG_B          ; CLOCK1               ; Untyped            ;
; RDCONTROL_REG_B                    ; CLOCK1               ; Untyped            ;
; ADDRESS_REG_B                      ; CLOCK1               ; Untyped            ;
; OUTDATA_REG_B                      ; UNREGISTERED         ; Untyped            ;
; BYTEENA_REG_B                      ; CLOCK1               ; Untyped            ;
; INDATA_ACLR_B                      ; NONE                 ; Untyped            ;
; WRCONTROL_ACLR_B                   ; NONE                 ; Untyped            ;
; ADDRESS_ACLR_B                     ; NONE                 ; Untyped            ;
; OUTDATA_ACLR_B                     ; NONE                 ; Untyped            ;
; RDCONTROL_ACLR_B                   ; NONE                 ; Untyped            ;
; BYTEENA_ACLR_B                     ; NONE                 ; Untyped            ;
; WIDTH_BYTEENA_A                    ; 1                    ; Signed Integer     ;
; WIDTH_BYTEENA_B                    ; 1                    ; Signed Integer     ;
; RAM_BLOCK_TYPE                     ; AUTO                 ; Untyped            ;
; BYTE_SIZE                          ; 8                    ; Signed Integer     ;
; READ_DURING_WRITE_MODE_MIXED_PORTS ; DONT_CARE            ; Untyped            ;
; READ_DURING_WRITE_MODE_PORT_A      ; NEW_DATA_NO_NBE_READ ; Untyped            ;
; READ_DURING_WRITE_MODE_PORT_B      ; NEW_DATA_NO_NBE_READ ; Untyped            ;
; INIT_FILE                          ; program.mif          ; Untyped            ;
; INIT_FILE_LAYOUT                   ; PORT_A               ; Untyped            ;
; MAXIMUM_DEPTH                      ; 0                    ; Signed Integer     ;
; CLOCK_ENABLE_INPUT_A               ; NORMAL               ; Untyped            ;
; CLOCK_ENABLE_INPUT_B               ; NORMAL               ; Untyped            ;
; CLOCK_ENABLE_OUTPUT_A              ; NORMAL               ; Untyped            ;
; CLOCK_ENABLE_OUTPUT_B              ; NORMAL               ; Untyped            ;
; CLOCK_ENABLE_CORE_A                ; USE_INPUT_CLKEN      ; Untyped            ;
; CLOCK_ENABLE_CORE_B                ; USE_INPUT_CLKEN      ; Untyped            ;
; ENABLE_ECC                         ; FALSE                ; Untyped            ;
; DEVICE_FAMILY                      ; Cyclone              ; Untyped            ;
; CBXI_PARAMETER                     ; altsyncram_7me3      ; Untyped            ;
+------------------------------------+----------------------+--------------------+
Note: In order to hide this table in the UI and the text report file, please set the "Show Parameter Settings Tables in Synthesis Report" option in "Analysis and Synthesis Settings -> More Settings" to "Off".


+---------------------------------------------------------------------------------+
; Parameter Settings for User Entity Instance: dmemory:MEM|altsyncram:data_memory ;
+------------------------------------+----------------------+---------------------+
; Parameter Name                     ; Value                ; Type                ;
+------------------------------------+----------------------+---------------------+
; BYTE_SIZE_BLOCK                    ; 8                    ; Untyped             ;
; AUTO_CARRY_CHAINS                  ; ON                   ; AUTO_CARRY          ;
; IGNORE_CARRY_BUFFERS               ; OFF                  ; IGNORE_CARRY        ;
; AUTO_CASCADE_CHAINS                ; ON                   ; AUTO_CASCADE        ;
; IGNORE_CASCADE_BUFFERS             ; OFF                  ; IGNORE_CASCADE      ;
; WIDTH_BYTEENA                      ; 1                    ; Untyped             ;
; OPERATION_MODE                     ; SINGLE_PORT          ; Untyped             ;
; WIDTH_A                            ; 32                   ; Signed Integer      ;
; WIDTHAD_A                          ; 8                    ; Signed Integer      ;
; NUMWORDS_A                         ; 0                    ; Signed Integer      ;
; OUTDATA_REG_A                      ; UNREGISTERED         ; Untyped             ;
; ADDRESS_ACLR_A                     ; NONE                 ; Untyped             ;
; OUTDATA_ACLR_A                     ; NONE                 ; Untyped             ;
; WRCONTROL_ACLR_A                   ; NONE                 ; Untyped             ;
; INDATA_ACLR_A                      ; NONE                 ; Untyped             ;
; BYTEENA_ACLR_A                     ; NONE                 ; Untyped             ;
; WIDTH_B                            ; 1                    ; Signed Integer      ;
; WIDTHAD_B                          ; 1                    ; Signed Integer      ;
; NUMWORDS_B                         ; 0                    ; Signed Integer      ;
; INDATA_REG_B                       ; CLOCK1               ; Untyped             ;
; WRCONTROL_WRADDRESS_REG_B          ; CLOCK1               ; Untyped             ;
; RDCONTROL_REG_B                    ; CLOCK1               ; Untyped             ;
; ADDRESS_REG_B                      ; CLOCK1               ; Untyped             ;
; OUTDATA_REG_B                      ; UNREGISTERED         ; Untyped             ;
; BYTEENA_REG_B                      ; CLOCK1               ; Untyped             ;
; INDATA_ACLR_B                      ; NONE                 ; Untyped             ;
; WRCONTROL_ACLR_B                   ; NONE                 ; Untyped             ;
; ADDRESS_ACLR_B                     ; NONE                 ; Untyped             ;
; OUTDATA_ACLR_B                     ; NONE                 ; Untyped             ;
; RDCONTROL_ACLR_B                   ; NONE                 ; Untyped             ;
; BYTEENA_ACLR_B                     ; NONE                 ; Untyped             ;
; WIDTH_BYTEENA_A                    ; 1                    ; Signed Integer      ;
; WIDTH_BYTEENA_B                    ; 1                    ; Signed Integer      ;
; RAM_BLOCK_TYPE                     ; AUTO                 ; Untyped             ;
; BYTE_SIZE                          ; 8                    ; Signed Integer      ;
; READ_DURING_WRITE_MODE_MIXED_PORTS ; DONT_CARE            ; Untyped             ;
; READ_DURING_WRITE_MODE_PORT_A      ; NEW_DATA_NO_NBE_READ ; Untyped             ;
; READ_DURING_WRITE_MODE_PORT_B      ; NEW_DATA_NO_NBE_READ ; Untyped             ;
; INIT_FILE                          ; dmemory.mif          ; Untyped             ;
; INIT_FILE_LAYOUT                   ; PORT_A               ; Untyped             ;
; MAXIMUM_DEPTH                      ; 0                    ; Signed Integer      ;
; CLOCK_ENABLE_INPUT_A               ; NORMAL               ; Untyped             ;
; CLOCK_ENABLE_INPUT_B               ; NORMAL               ; Untyped             ;
; CLOCK_ENABLE_OUTPUT_A              ; NORMAL               ; Untyped             ;
; CLOCK_ENABLE_OUTPUT_B              ; NORMAL               ; Untyped             ;
; CLOCK_ENABLE_CORE_A                ; USE_INPUT_CLKEN      ; Untyped             ;
; CLOCK_ENABLE_CORE_B                ; USE_INPUT_CLKEN      ; Untyped             ;
; ENABLE_ECC                         ; FALSE                ; Untyped             ;
; DEVICE_FAMILY                      ; Cyclone              ; Untyped             ;
; CBXI_PARAMETER                     ; altsyncram_qpg3      ; Untyped             ;
+------------------------------------+----------------------+---------------------+
Note: In order to hide this table in the UI and the text report file, please set the "Show Parameter Settings Tables in Synthesis Report" option in "Analysis and Synthesis Settings -> More Settings" to "Off".


+--------------------------------+
; Analysis & Synthesis Equations ;
+--------------------------------+
The equations can be found in C:/DVD_image/booksoft_fe/DE2/CHAP14/MIPS.map.eqn.


+-------------------------------+
; Analysis & Synthesis Messages ;
+-------------------------------+
Info: *******************************************************************
Info: Running Quartus II Analysis & Synthesis
    Info: Version 7.1 Build 178 06/25/2007 Service Pack 1 SJ Web Edition
    Info: Processing started: Mon Jul 09 15:00:55 2007
Info: Command: quartus_map --read_settings_files=on --write_settings_files=off MIPS -c MIPS
Info: Found 2 design units, including 1 entities, in source file CONTROL.VHD
    Info: Found design unit 1: control-behavior
    Info: Found entity 1: control
Info: Found 2 design units, including 1 entities, in source file DMEMORY.VHD
    Info: Found design unit 1: dmemory-behavior
    Info: Found entity 1: dmemory
Info: Found 2 design units, including 1 entities, in source file execute.vhd
    Info: Found design unit 1: Execute-behavior
    Info: Found entity 1: Execute
Info: Found 2 design units, including 1 entities, in source file IDECODE.VHD
    Info: Found design unit 1: Idecode-behavior
    Info: Found entity 1: Idecode
Info: Found 2 design units, including 1 entities, in source file IFETCH.VHD
    Info: Found design unit 1: Ifetch-behavior
    Info: Found entity 1: Ifetch
Info: Found 2 design units, including 1 entities, in source file MIPS.vhd
    Info: Found design unit 1: MIPS-structure
    Info: Found entity 1: MIPS
Info: Elaborating entity "MIPS" for the top level hierarchy
Info: Elaborating entity "Ifetch" for hierarchy "Ifetch:IFE"
Info: Found 1 design units, including 1 entities, in source file ../../../../altera/71sp1/quartus/libraries/megafunctions/altsyncram.tdf
    Info: Found entity 1: altsyncram
Info: Elaborating entity "altsyncram" for hierarchy "Ifetch:IFE|altsyncram:inst_memory"
Info: Elaborated megafunction instantiation "Ifetch:IFE|altsyncram:inst_memory"
Info: Found 1 design units, including 1 entities, in source file db/altsyncram_7me3.tdf
    Info: Found entity 1: altsyncram_7me3
Info: Elaborating entity "altsyncram_7me3" for hierarchy "Ifetch:IFE|altsyncram:inst_memory|altsyncram_7me3:auto_generated"
Info: Elaborating entity "Idecode" for hierarchy "Idecode:ID"
Info: Elaborating entity "control" for hierarchy "control:CTL"
Info: Elaborating entity "Execute" for hierarchy "Execute:EXE"
Info: Elaborating entity "dmemory" for hierarchy "dmemory:MEM"
Info: Elaborating entity "altsyncram" for hierarchy "dmemory:MEM|altsyncram:data_memory"
Info: Elaborated megafunction instantiation "dmemory:MEM|altsyncram:data_memory"
Info: Found 1 design units, including 1 entities, in source file db/altsyncram_qpg3.tdf
    Info: Found entity 1: altsyncram_qpg3
Info: Elaborating entity "altsyncram_qpg3" for hierarchy "dmemory:MEM|altsyncram:data_memory|altsyncram_qpg3:auto_generated"
Warning: Reduced register "Idecode:ID|register_array[0][0]" with stuck data_in port to stuck value GND
Warning: Reduced register "Idecode:ID|register_array[0][31]" with stuck data_in port to stuck value GND
Warning: Reduced register "Idecode:ID|register_array[0][1]" with stuck data_in port to stuck value GND
Warning: Reduced register "Idecode:ID|register_array[0][2]" with stuck data_in port to stuck value GND
Warning: Reduced register "Idecode:ID|register_array[0][3]" with stuck data_in port to stuck value GND
Warning: Reduced register "Idecode:ID|register_array[0][4]" with stuck data_in port to stuck value GND
Warning: Reduced register "Idecode:ID|register_array[0][5]" with stuck data_in port to stuck value GND
Warning: Reduced register "Idecode:ID|register_array[0][6]" with stuck data_in port to stuck value GND
Warning: Reduced register "Idecode:ID|register_array[0][7]" with stuck data_in port to stuck value GND
Warning: Reduced register "Idecode:ID|register_array[0][8]" with stuck data_in port to stuck value GND
Warning: Reduced register "Idecode:ID|register_array[0][9]" with stuck data_in port to stuck value GND
Warning: Reduced register "Idecode:ID|register_array[0][10]" with stuck data_in port to stuck value GND
Warning: Reduced register "Idecode:ID|register_array[0][11]" with stuck data_in port to stuck value GND
Warning: Reduced register "Idecode:ID|register_array[0][12]" with stuck data_in port to stuck value GND
Warning: Reduced register "Idecode:ID|register_array[0][13]" with stuck data_in port to stuck value GND
Warning: Reduced register "Idecode:ID|register_array[0][14]" with stuck data_in port to stuck value GND
Warning: Reduced register "Idecode:ID|register_array[0][15]" with stuck data_in port to stuck value GND
Warning: Reduced register "Idecode:ID|register_array[0][16]" with stuck data_in port to stuck value GND
Warning: Reduced register "Idecode:ID|register_array[0][17]" with stuck data_in port to stuck value GND
Warning: Reduced register "Idecode:ID|register_array[0][18]" with stuck data_in port to stuck value GND
Warning: Reduced register "Idecode:ID|register_array[0][19]" with stuck data_in port to stuck value GND
Warning: Reduced register "Idecode:ID|register_array[0][20]" with stuck data_in port to stuck value GND
Warning: Reduced register "Idecode:ID|register_array[0][21]" with stuck data_in port to stuck value GND
Warning: Reduced register "Idecode:ID|register_array[0][22]" with stuck data_in port to stuck value GND
Warning: Reduced register "Idecode:ID|register_array[0][23]" with stuck data_in port to stuck value GND
Warning: Reduced register "Idecode:ID|register_array[0][24]" with stuck data_in port to stuck value GND
Warning: Reduced register "Idecode:ID|register_array[0][25]" with stuck data_in port to stuck value GND
Warning: Reduced register "Idecode:ID|register_array[0][26]" with stuck data_in port to stuck value GND
Warning: Reduced register "Idecode:ID|register_array[0][27]" with stuck data_in port to stuck value GND
Warning: Reduced register "Idecode:ID|register_array[0][28]" with stuck data_in port to stuck value GND
Warning: Reduced register "Idecode:ID|register_array[0][29]" with stuck data_in port to stuck value GND
Warning: Reduced register "Idecode:ID|register_array[0][30]" with stuck data_in port to stuck value GND
Warning: Output pins are stuck at VCC or GND
    Warning: Pin "PC[0]" stuck at GND
    Warning: Pin "PC[1]" stuck at GND
Info: Implemented 2964 device resources after synthesis - the final resource count might be different
    Info: Implemented 2 input pins
    Info: Implemented 174 output pins
    Info: Implemented 2724 logic cells
    Info: Implemented 64 RAM segments
Info: Quartus II Analysis & Synthesis was successful. 0 errors, 35 warnings
    Info: Allocated 174 megabytes of memory during processing
    Info: Processing ended: Mon Jul 09 15:01:39 2007
    Info: Elapsed time: 00:00:44


